<?xml version="1.0" encoding="UTF-8"?>
<!-- Generated by org.testng.reporters.JUnitReportReporter -->
<testsuite hostname="Sourabh" failures="0" tests="1" name="com.speckyfox.cucumberRunnerSetup.CucumberRunnerSetup" time="0.955" errors="0" timestamp="2024-03-08T16:44:34 IST" skipped="0">
  <testcase classname="com.speckyfox.cucumberRunnerSetup.CucumberRunnerSetup" name="runScenario" time="0.955"/>
  <system-out/>
</testsuite> <!-- com.speckyfox.cucumberRunnerSetup.CucumberRunnerSetup -->
