<?xml version="1.0" encoding="UTF-8"?>
<!-- Generated by org.testng.reporters.JUnitReportReporter -->
<testsuite hostname="Sourabh" failures="0" tests="2" name="com.speckyfox.webtest.HiCareAppWeb" time="60.273" errors="0" timestamp="2024-03-11T18:20:19 IST" skipped="0">
  <testcase classname="com.speckyfox.webtest.HiCareAppWeb" name="TC04_Verify_Login_WEB" time="31.583"/>
  <system-out/>
  <testcase classname="com.speckyfox.webtest.HiCareAppWeb" name="TC04_Verify_Login_WEB" time="28.690"/>
  <system-out/>
</testsuite> <!-- com.speckyfox.webtest.HiCareAppWeb -->
